Build started 10/10/2015 18:55:14.
     1>Project "C:\acid_lemon\github\calc_shellcode\calc_shellcode.vcxproj" on node 2 (Build target(s)).
     1>ClCompile:
         C:\Program Files (x86)\Microsoft Visual Studio 12.0\VC\bin\CL.exe /c /Zi /nologo /W3 /WX- /O2 /Oi /Oy- /GL /D WIN32 /D NDEBUG /D _WINDOWS /D _UNICODE /D UNICODE /Gm- /EHsc /MD /GS /Gy /fp:precise /Zc:wchar_t /Zc:forScope /Fo"Release\\" /Fd"Release\vc120.pdb" /Gd /TP /analyze- /errorReport:prompt calc_shellcode_full.cpp calc_shellcode_vs.cpp main.cpp stdafx.cpp
         calc_shellcode_full.cpp
         calc_shellcode_vs.cpp
         main.cpp
     1>main.cpp(29): warning C4101: 'hAccelTable' : unreferenced local variable
         stdafx.cpp
       ResourceCompile:
         C:\Program Files (x86)\Windows Kits\8.1\bin\x86\rc.exe /D _UNICODE /D UNICODE /l"0x0409" /nologo /fo"Release\calc_shellcode.res" calc_shellcode.rc 
       Link:
         C:\Program Files (x86)\Microsoft Visual Studio 12.0\VC\bin\link.exe /ERRORREPORT:PROMPT /OUT:"C:\acid_lemon\github\calc_shellcode\Release\calc_shellcode.exe" /INCREMENTAL:NO /NOLOGO kernel32.lib user32.lib gdi32.lib winspool.lib comdlg32.lib advapi32.lib shell32.lib ole32.lib oleaut32.lib uuid.lib odbc32.lib odbccp32.lib /MANIFEST /MANIFESTUAC:"level='asInvoker' uiAccess='false'" /manifest:embed /DEBUG /PDB:"C:\acid_lemon\github\calc_shellcode\Release\calc_shellcode.pdb" /SUBSYSTEM:WINDOWS /OPT:REF /OPT:ICF /LTCG /TLBID:1 /DYNAMICBASE /NXCOMPAT /IMPLIB:"C:\acid_lemon\github\calc_shellcode\Release\calc_shellcode.lib" /MACHINE:X86 /SAFESEH Release\calc_shellcode.res
         Release\calc_shellcode_full.obj
         Release\calc_shellcode_vs.obj
         Release\main.obj
         Release\stdafx.obj
         Generating code
         Finished generating code
         calc_shellcode.vcxproj -> C:\acid_lemon\github\calc_shellcode\Release\calc_shellcode.exe
     1>Done Building Project "C:\acid_lemon\github\calc_shellcode\calc_shellcode.vcxproj" (Build target(s)).

Build succeeded.

Time Elapsed 00:00:02.61
